Log file open, 05/10/22 13:18:58
LogWindows: Failed to load 'aqProf.dll' (GetLastError=126)
LogWindows: File 'aqProf.dll' does not exist
LogWindows: Failed to load 'VtuneApi.dll' (GetLastError=126)
LogWindows: File 'VtuneApi.dll' does not exist
LogWindows: Failed to load 'VtuneApi32e.dll' (GetLastError=126)
LogWindows: File 'VtuneApi32e.dll' does not exist
LogConsoleResponse: Display: Failed to find resolution value strings in scalability ini. Falling back to default.
LogConsoleResponse: Display: Failed to find resolution value strings in scalability ini. Falling back to default.
LogInit: Display: Running engine for game: EisFeuer_GameStudio
LogPlatformFile: Not using cached read wrapper
LogTaskGraph: Started task graph with 5 named threads and 71 total threads with 3 sets of task threads.
LogStats: Stats thread started at 0.203821
LogICUInternationalization: ICU TimeZone Detection - Raw Offset: +0:00, Platform Override: ''
LogInit: Display: Loading text-based GConfig....
LogPluginManager: Mounting plugin MeshPainting
LogPluginManager: Mounting plugin XGEController
LogPluginManager: Mounting plugin Paper2D
LogPluginManager: Mounting plugin AISupport
LogPluginManager: Mounting plugin LightPropagationVolume
LogPluginManager: Mounting plugin EnvironmentQueryEditor
LogPluginManager: Mounting plugin LiveLink
LogPluginManager: Mounting plugin AnimationSharing
LogPluginManager: Mounting plugin CodeLiteSourceCodeAccess
LogPluginManager: Mounting plugin GitSourceControl
LogPluginManager: Mounting plugin CameraShakePreviewer
LogPluginManager: Mounting plugin NullSourceCodeAccess
LogPluginManager: Mounting plugin PixWinPlugin
LogPluginManager: Mounting plugin CLionSourceCodeAccess
LogPluginManager: Mounting plugin KDevelopSourceCodeAccess
LogPluginManager: Mounting plugin PluginUtils
LogPluginManager: Mounting plugin PerforceSourceControl
LogPluginManager: Mounting plugin RiderSourceCodeAccess
LogPluginManager: Mounting plugin PropertyAccessNode
LogPluginManager: Mounting plugin PlasticSourceControl
LogPluginManager: Mounting plugin SubversionSourceControl
LogPluginManager: Mounting plugin UObjectPlugin
LogPluginManager: Mounting plugin TextureFormatOodle
LogPluginManager: Mounting plugin DatasmithContent
LogPluginManager: Mounting plugin VisualStudioCodeSourceCodeAccess
LogPluginManager: Mounting plugin VisualStudioSourceCodeAccess
LogPluginManager: Mounting plugin XCodeSourceCodeAccess
LogPluginManager: Mounting plugin VariantManagerContent
LogPluginManager: Mounting plugin GameplayCameras
LogPluginManager: Mounting plugin AssetManagerEditor
LogPluginManager: Mounting plugin OodleNetwork
LogPluginManager: Mounting plugin FacialAnimation
LogPluginManager: Mounting plugin GeometryMode
LogPluginManager: Mounting plugin PluginBrowser
LogPluginManager: Mounting plugin DataValidation
LogPluginManager: Mounting plugin CryptoKeys
LogPluginManager: Mounting plugin SpeedTreeImporter
LogPluginManager: Mounting plugin MobileLauncherProfileWizard
LogPluginManager: Mounting plugin OodleData
LogPluginManager: Mounting plugin Niagara
LogPluginManager: Mounting plugin CurveEditorTools
LogPluginManager: Mounting plugin MaterialAnalyzer
LogPluginManager: Mounting plugin AlembicImporter
LogPluginManager: Mounting plugin AutomationUtils
LogPluginManager: Mounting plugin ChaosEditor
LogPluginManager: Mounting plugin GameplayTagsEditor
LogPluginManager: Mounting plugin ChaosClothEditor
LogPluginManager: Mounting plugin ChaosCloth
LogPluginManager: Mounting plugin BackChannel
LogPluginManager: Mounting plugin ChaosSolverPlugin
LogPluginManager: Mounting plugin ChaosNiagara
LogPluginManager: Mounting plugin CharacterAI
LogPluginManager: Mounting plugin MacGraphicsSwitching
LogPluginManager: Mounting plugin GeometryCache
LogPluginManager: Mounting plugin LuminPlatformFeatures
LogPluginManager: Mounting plugin GeometryCollectionPlugin
LogPluginManager: Mounting plugin MagicLeap
LogPluginManager: Mounting plugin MagicLeapLightEstimation
LogPluginManager: Mounting plugin MagicLeapMedia
LogPluginManager: Mounting plugin MLSDK
LogPluginManager: Mounting plugin MagicLeapPassableWorld
LogPluginManager: Mounting plugin GeometryProcessing
LogPluginManager: Mounting plugin OpenImageDenoise
LogPluginManager: Mounting plugin MotoSynth
LogPluginManager: Mounting plugin PlanarCut
LogPluginManager: Mounting plugin PlatformCrypto
LogPluginManager: Mounting plugin ProxyLODPlugin
LogPluginManager: Mounting plugin SkeletalReduction
LogPluginManager: Mounting plugin AndroidMedia
LogPluginManager: Mounting plugin AvfMedia
LogPluginManager: Mounting plugin ImgMedia
LogPluginManager: Mounting plugin PythonScriptPlugin
LogPluginManager: Mounting plugin MediaCompositing
LogPluginManager: Mounting plugin MediaPlayerEditor
LogPluginManager: Mounting plugin WebMMedia
LogPluginManager: Mounting plugin WmfMedia
LogPluginManager: Mounting plugin MatineeToLevelSequence
LogPluginManager: Mounting plugin ActorSequence
LogPluginManager: Mounting plugin LevelSequenceEditor
LogPluginManager: Mounting plugin TcpMessaging
LogPluginManager: Mounting plugin TemplateSequence
LogPluginManager: Mounting plugin UdpMessaging
LogPluginManager: Mounting plugin OnlineSubsystem
LogPluginManager: Mounting plugin OnlineSubsystemNull
LogPluginManager: Mounting plugin OnlineSubsystemUtils
LogPluginManager: Mounting plugin ActorLayerUtilities
LogPluginManager: Mounting plugin LauncherChunkInstaller
LogPluginManager: Mounting plugin AndroidDeviceProfileSelector
LogPluginManager: Mounting plugin AndroidPermission
LogPluginManager: Mounting plugin AndroidMoviePlayer
LogPluginManager: Mounting plugin AppleMoviePlayer
LogPluginManager: Mounting plugin AppleImageUtils
LogPluginManager: Mounting plugin AssetTags
LogPluginManager: Mounting plugin CableComponent
LogPluginManager: Mounting plugin AudioSynesthesia
LogPluginManager: Mounting plugin ArchVisCharacter
LogPluginManager: Mounting plugin EditableMesh
LogPluginManager: Mounting plugin AudioCapture
LogPluginManager: Mounting plugin ChunkDownloader
LogPluginManager: Mounting plugin CustomMeshComponent
LogPluginManager: Mounting plugin ExampleDeviceProfileSelector
LogPluginManager: Mounting plugin GoogleCloudMessaging
LogPluginManager: Mounting plugin GooglePAD
LogPluginManager: Mounting plugin IOSDeviceProfileSelector
LogPluginManager: Mounting plugin LocationServicesBPLibrary
LogPluginManager: Mounting plugin LinuxDeviceProfileSelector
LogPluginManager: Mounting plugin MobilePatchingUtils
LogPluginManager: Mounting plugin OpenXR
LogPluginManager: Mounting plugin OpenXREyeTracker
LogPluginManager: Mounting plugin OpenXRHandTracking
LogPluginManager: Mounting plugin PhysXVehicles
LogPluginManager: Mounting plugin ScreenshotTools
LogPluginManager: Mounting plugin PostSplashScreen
LogPluginManager: Mounting plugin PropertyAccessEditor
LogPluginManager: Mounting plugin SoundFields
LogPluginManager: Mounting plugin ProceduralMeshComponent
LogPluginManager: Mounting plugin RuntimePhysXCooking
LogPluginManager: Mounting plugin SignificanceManager
LogPluginManager: Mounting plugin Takes
LogPluginManager: Mounting plugin WebMMoviePlayer
LogPluginManager: Mounting plugin WindowsMoviePlayer
LogPluginManager: Mounting plugin Synthesis
LogPluginManager: Mounting plugin ContentBrowserAssetDataSource
LogPluginManager: Mounting plugin ContentBrowserFileDataSource
LogPluginManager: Mounting plugin ContentBrowserClassDataSource
LogPluginManager: Mounting plugin OnlineSubsystemGooglePlay
LogPluginManager: Mounting plugin OnlineSubsystemIOS
LogPluginManager: Mounting plugin OculusVR
LogPluginManager: Mounting plugin SteamVR
PixWinPlugin: PIX capture plugin failed to initialize! Check that the process is launched from PIX.
LogInit: Using libcurl 7.55.1-DEV
LogInit:  - built for x86_64-pc-win32
LogInit:  - supports SSL with OpenSSL/1.1.1
LogInit:  - supports HTTP deflate (compression) using libz 1.2.8
LogInit:  - other features:
LogInit:      CURL_VERSION_SSL
LogInit:      CURL_VERSION_LIBZ
LogInit:      CURL_VERSION_IPV6
LogInit:      CURL_VERSION_ASYNCHDNS
LogInit:      CURL_VERSION_LARGEFILE
LogInit:      CURL_VERSION_IDN
LogInit:  CurlRequestOptions (configurable via config and command line):
LogInit:  - bVerifyPeer = true  - Libcurl will verify peer certificate
LogInit:  - bUseHttpProxy = false  - Libcurl will NOT use HTTP proxy
LogInit:  - bDontReuseConnections = false  - Libcurl will reuse connections
LogInit:  - MaxHostConnections = 16  - Libcurl will limit the number of connections to a host
LogInit:  - LocalHostAddr = Default
LogInit:  - BufferSize = 65536
LogOnline: OSS: Creating online subsystem instance for: NULL
LogInit: WinSock: version 1.1 (2.2), MaxSocks=32767, MaxUdp=65467
LogOnline: OSS: TryLoadSubsystemAndSetDefault: Loaded subsystem for module [NULL]
LogOculusPluginWrapper: OculusPlugin initialized successfully
LogHMD: Failed initializing OVRPlugin 1.59.0
LogInit: Build: ++UE4+Release-4.27-CL-18319896
LogInit: Engine Version: 4.27.2-18319896+++UE4+Release-4.27
LogInit: Compatible Engine Version: 4.27.0-17155196+++UE4+Release-4.27
LogInit: Net CL: 17155196
LogInit: OS: Windows 10 (Release 2009) (), CPU: AMD Ryzen 9 5900X 12-Core Processor            , GPU: NVIDIA GeForce RTX 3080
LogInit: Compiled (64-bit): Nov 30 2021 07:12:08
LogInit: Compiled with Visual C++: 19.24.28315.00
LogInit: Build Configuration: Development
LogInit: Branch Name: ++UE4+Release-4.27
LogInit: Command Line:  /Game/Menus/Main_Menu_Level -game -PIEVIACONSOLE -Multiprocess GameUserSettingsINI=C:/Users/conno/Documents/GitHub/EisFeuer/EisFeuer_GameStudio/Saved/Config/Windows/PIEGameUserSettings0.ini -MultiprocessSaveConfig -forcepassthrough -messaging -SessionName="Play in Standalone Game" -windowed -WinX=0 -WinY=24 SAVEWINPOS=1 -ResX=1920 -ResY=1006
LogInit: Base Directory: C:/Program Files/Epic Games/UE_4.27/Engine/Binaries/Win64/
LogInit: Allocator: TBB
LogInit: Installed Engine Build: 1
LogDevObjectVersion: Number of dev versions registered: 29
LogDevObjectVersion:   Dev-Blueprints (B0D832E4-1F89-4F0D-ACCF-7EB736FD4AA2): 10
LogDevObjectVersion:   Dev-Build (E1C64328-A22C-4D53-A36C-8E866417BD8C): 0
LogDevObjectVersion:   Dev-Core (375EC13C-06E4-48FB-B500-84F0262A717E): 4
LogDevObjectVersion:   Dev-Editor (E4B068ED-F494-42E9-A231-DA0B2E46BB41): 40
LogDevObjectVersion:   Dev-Framework (CFFC743F-43B0-4480-9391-14DF171D2073): 37
LogDevObjectVersion:   Dev-Mobile (B02B49B5-BB20-44E9-A304-32B752E40360): 3
LogDevObjectVersion:   Dev-Networking (A4E4105C-59A1-49B5-A7C5-40C4547EDFEE): 0
LogDevObjectVersion:   Dev-Online (39C831C9-5AE6-47DC-9A44-9C173E1C8E7C): 0
LogDevObjectVersion:   Dev-Physics (78F01B33-EBEA-4F98-B9B4-84EACCB95AA2): 14
LogDevObjectVersion:   Dev-Platform (6631380F-2D4D-43E0-8009-CF276956A95A): 0
LogDevObjectVersion:   Dev-Rendering (12F88B9F-8875-4AFC-A67C-D90C383ABD29): 45
LogDevObjectVersion:   Dev-Sequencer (7B5AE74C-D270-4C10-A958-57980B212A5A): 13
LogDevObjectVersion:   Dev-VR (D7296918-1DD6-4BDD-9DE2-64A83CC13884): 3
LogDevObjectVersion:   Dev-LoadTimes (C2A15278-BFE7-4AFE-6C17-90FF531DF755): 1
LogDevObjectVersion:   Private-Geometry (6EACA3D4-40EC-4CC1-B786-8BED09428FC5): 3
LogDevObjectVersion:   Dev-AnimPhys (29E575DD-E0A3-4627-9D10-D276232CDCEA): 17
LogDevObjectVersion:   Dev-Anim (AF43A65D-7FD3-4947-9873-3E8ED9C1BB05): 15
LogDevObjectVersion:   Dev-ReflectionCapture (6B266CEC-1EC7-4B8F-A30B-E4D90942FC07): 1
LogDevObjectVersion:   Dev-Automation (0DF73D61-A23F-47EA-B727-89E90C41499A): 1
LogDevObjectVersion:   FortniteMain (601D1886-AC64-4F84-AA16-D3DE0DEAC7D6): 47
LogDevObjectVersion:   FortniteRelease (E7086368-6B23-4C58-8439-1B7016265E91): 1
LogDevObjectVersion:   Dev-Enterprise (9DFFBCD6-494F-0158-E221-12823C92A888): 10
LogDevObjectVersion:   Dev-Niagara (F2AED0AC-9AFE-416F-8664-AA7FFA26D6FC): 1
LogDevObjectVersion:   Dev-Destruction (174F1F0B-B4C6-45A5-B13F-2EE8D0FB917D): 10
LogDevObjectVersion:   Dev-Physics-Ext (35F94A83-E258-406C-A318-09F59610247C): 41
LogDevObjectVersion:   Dev-PhysicsMaterial-Chaos (B68FC16E-8B1B-42E2-B453-215C058844FE): 1
LogDevObjectVersion:   Dev-CineCamera (B2E18506-4273-CFC2-A54E-F4BB758BBA07): 1
LogDevObjectVersion:   Dev-VirtualProduction (64F58936-FD1B-42BA-BA96-7289D5D0FA4E): 1
LogDevObjectVersion:   Dev-MediaFramework (6F0ED827-A609-4895-9C91-998D90180EA4): 2
LogInit: Presizing for max 25165824 objects, including 0 objects not considered by GC, pre-allocating 0 bytes for permanent pool.
LogConfig: Applying CVar settings from Section [/Script/Engine.StreamingSettings] File [C:/Users/conno/Documents/GitHub/EisFeuer/EisFeuer_GameStudio/Saved/Config/Windows/Engine.ini]
LogConfig: Setting CVar [[s.MinBulkDataSizeForAsyncLoading:131072]]
LogConfig: Setting CVar [[s.AsyncLoadingThreadEnabled:0]]
LogConfig: Setting CVar [[s.EventDrivenLoaderEnabled:1]]
LogConfig: Setting CVar [[s.WarnIfTimeLimitExceeded:0]]
LogConfig: Setting CVar [[s.TimeLimitExceededMultiplier:1.5]]
LogConfig: Setting CVar [[s.TimeLimitExceededMinTime:0.005]]
LogConfig: Setting CVar [[s.UseBackgroundLevelStreaming:1]]
LogConfig: Setting CVar [[s.PriorityAsyncLoadingExtraTime:15.0]]
LogConfig: Setting CVar [[s.LevelStreamingActorsUpdateTimeLimit:5.0]]
LogConfig: Setting CVar [[s.PriorityLevelStreamingActorsUpdateExtraTime:5.0]]
LogConfig: Setting CVar [[s.LevelStreamingComponentsRegistrationGranularity:10]]
LogConfig: Setting CVar [[s.UnregisterComponentsTimeLimit:1.0]]
LogConfig: Setting CVar [[s.LevelStreamingComponentsUnregistrationGranularity:5]]
LogConfig: Setting CVar [[s.FlushStreamingOnExit:1]]
LogInit: Object subsystem initialized
LogConfig: Setting CVar [[con.DebugEarlyDefault:1]]
LogConfig: Setting CVar [[r.setres:1280x720]]
[2022.05.10-12.18.59:261][  0]LogConfig: Setting CVar [[con.DebugEarlyDefault:1]]
[2022.05.10-12.18.59:261][  0]LogConfig: Setting CVar [[r.setres:1280x720]]
[2022.05.10-12.18.59:261][  0]LogConfig: Applying CVar settings from Section [/Script/Engine.RendererSettings] File [C:/Users/conno/Documents/GitHub/EisFeuer/EisFeuer_GameStudio/Saved/Config/Windows/Engine.ini]
[2022.05.10-12.18.59:261][  0]LogConfig: Setting CVar [[r.GPUCrashDebugging:0]]
[2022.05.10-12.18.59:261][  0]LogConfig: Applying CVar settings from Section [/Script/Engine.RendererOverrideSettings] File [C:/Users/conno/Documents/GitHub/EisFeuer/EisFeuer_GameStudio/Saved/Config/Windows/Engine.ini]
[2022.05.10-12.18.59:261][  0]LogConfig: Applying CVar settings from Section [/Script/Engine.StreamingSettings] File [C:/Users/conno/Documents/GitHub/EisFeuer/EisFeuer_GameStudio/Saved/Config/Windows/Engine.ini]
[2022.05.10-12.18.59:261][  0]LogConfig: Setting CVar [[s.MinBulkDataSizeForAsyncLoading:131072]]
[2022.05.10-12.18.59:261][  0]LogConfig: Setting CVar [[s.AsyncLoadingThreadEnabled:0]]
[2022.05.10-12.18.59:261][  0]LogConfig: Setting CVar [[s.EventDrivenLoaderEnabled:1]]
[2022.05.10-12.18.59:261][  0]LogConfig: Setting CVar [[s.WarnIfTimeLimitExceeded:0]]
[2022.05.10-12.18.59:261][  0]LogConfig: Setting CVar [[s.TimeLimitExceededMultiplier:1.5]]
[2022.05.10-12.18.59:261][  0]LogConfig: Setting CVar [[s.TimeLimitExceededMinTime:0.005]]
[2022.05.10-12.18.59:261][  0]LogConfig: Setting CVar [[s.UseBackgroundLevelStreaming:1]]
[2022.05.10-12.18.59:261][  0]LogConfig: Setting CVar [[s.PriorityAsyncLoadingExtraTime:15.0]]
[2022.05.10-12.18.59:261][  0]LogConfig: Setting CVar [[s.LevelStreamingActorsUpdateTimeLimit:5.0]]
[2022.05.10-12.18.59:261][  0]LogConfig: Setting CVar [[s.PriorityLevelStreamingActorsUpdateExtraTime:5.0]]
[2022.05.10-12.18.59:261][  0]LogConfig: Setting CVar [[s.LevelStreamingComponentsRegistrationGranularity:10]]
[2022.05.10-12.18.59:261][  0]LogConfig: Setting CVar [[s.UnregisterComponentsTimeLimit:1.0]]
[2022.05.10-12.18.59:261][  0]LogConfig: Setting CVar [[s.LevelStreamingComponentsUnregistrationGranularity:5]]
[2022.05.10-12.18.59:261][  0]LogConfig: Setting CVar [[s.FlushStreamingOnExit:1]]
[2022.05.10-12.18.59:261][  0]LogConfig: Applying CVar settings from Section [/Script/Engine.GarbageCollectionSettings] File [C:/Users/conno/Documents/GitHub/EisFeuer/EisFeuer_GameStudio/Saved/Config/Windows/Engine.ini]
[2022.05.10-12.18.59:261][  0]LogConfig: Setting CVar [[gc.MaxObjectsNotConsideredByGC:1]]
[2022.05.10-12.18.59:261][  0]LogConfig: Setting CVar [[gc.SizeOfPermanentObjectPool:0]]
[2022.05.10-12.18.59:261][  0]LogConfig: Setting CVar [[gc.FlushStreamingOnGC:0]]
[2022.05.10-12.18.59:261][  0]LogConfig: Setting CVar [[gc.NumRetriesBeforeForcingGC:10]]
[2022.05.10-12.18.59:261][  0]LogConfig: Setting CVar [[gc.AllowParallelGC:1]]
[2022.05.10-12.18.59:261][  0]LogConfig: Setting CVar [[gc.TimeBetweenPurgingPendingKillObjects:61.1]]
[2022.05.10-12.18.59:262][  0]LogConfig: Setting CVar [[gc.MaxObjectsInEditor:25165824]]
[2022.05.10-12.18.59:262][  0]LogConfig: Setting CVar [[gc.IncrementalBeginDestroyEnabled:1]]
[2022.05.10-12.18.59:262][  0]LogConfig: Setting CVar [[gc.CreateGCClusters:1]]
[2022.05.10-12.18.59:262][  0]LogConfig: Setting CVar [[gc.MinGCClusterSize:5]]
[2022.05.10-12.18.59:262][  0]LogConfig: Setting CVar [[gc.ActorClusteringEnabled:0]]
[2022.05.10-12.18.59:262][  0]LogConfig: Setting CVar [[gc.BlueprintClusteringEnabled:0]]
[2022.05.10-12.18.59:262][  0]LogConfig: Setting CVar [[gc.UseDisregardForGCOnDedicatedServers:0]]
[2022.05.10-12.18.59:262][  0]LogConfig: Setting CVar [[gc.MultithreadedDestructionEnabled:1]]
[2022.05.10-12.18.59:262][  0]LogConfig: Applying CVar settings from Section [/Script/Engine.NetworkSettings] File [C:/Users/conno/Documents/GitHub/EisFeuer/EisFeuer_GameStudio/Saved/Config/Windows/Engine.ini]
[2022.05.10-12.18.59:262][  0]LogConfig: Applying CVar settings from Section [/Script/UnrealEd.CookerSettings] File [C:/Users/conno/Documents/GitHub/EisFeuer/EisFeuer_GameStudio/Saved/Config/Windows/Engine.ini]
[2022.05.10-12.18.59:271][  0]LogConfig: Applying CVar settings from Section [ViewDistanceQuality@3] File [C:/Users/conno/Documents/GitHub/EisFeuer/EisFeuer_GameStudio/Saved/Config/Windows/Scalability.ini]
[2022.05.10-12.18.59:271][  0]LogConfig: Setting CVar [[r.SkeletalMeshLODBias:0]]
[2022.05.10-12.18.59:271][  0]LogConfig: Setting CVar [[r.ViewDistanceScale:1.0]]
[2022.05.10-12.18.59:271][  0]LogConfig: Applying CVar settings from Section [AntiAliasingQuality@3] File [C:/Users/conno/Documents/GitHub/EisFeuer/EisFeuer_GameStudio/Saved/Config/Windows/Scalability.ini]
[2022.05.10-12.18.59:271][  0]LogConfig: Setting CVar [[r.PostProcessAAQuality:4]]
[2022.05.10-12.18.59:271][  0]LogConfig: Applying CVar settings from Section [ShadowQuality@3] File [C:/Users/conno/Documents/GitHub/EisFeuer/EisFeuer_GameStudio/Saved/Config/Windows/Scalability.ini]
[2022.05.10-12.18.59:271][  0]LogConfig: Setting CVar [[r.LightFunctionQuality:1]]
[2022.05.10-12.18.59:271][  0]LogConfig: Setting CVar [[r.ShadowQuality:5]]
[2022.05.10-12.18.59:271][  0]LogConfig: Setting CVar [[r.Shadow.CSM.MaxCascades:10]]
[2022.05.10-12.18.59:271][  0]LogConfig: Setting CVar [[r.Shadow.MaxResolution:2048]]
[2022.05.10-12.18.59:271][  0]LogConfig: Setting CVar [[r.Shadow.MaxCSMResolution:2048]]
[2022.05.10-12.18.59:271][  0]LogConfig: Setting CVar [[r.Shadow.RadiusThreshold:0.01]]
[2022.05.10-12.18.59:271][  0]LogConfig: Setting CVar [[r.Shadow.DistanceScale:1.0]]
[2022.05.10-12.18.59:271][  0]LogConfig: Setting CVar [[r.Shadow.CSM.TransitionScale:1.0]]
[2022.05.10-12.18.59:271][  0]LogConfig: Setting CVar [[r.Shadow.PreShadowResolutionFactor:1.0]]
[2022.05.10-12.18.59:271][  0]LogConfig: Setting CVar [[r.DistanceFieldShadowing:1]]
[2022.05.10-12.18.59:271][  0]LogConfig: Setting CVar [[r.DistanceFieldAO:1]]
[2022.05.10-12.18.59:271][  0]LogConfig: Setting CVar [[r.AOQuality:2]]
[2022.05.10-12.18.59:271][  0]LogConfig: Setting CVar [[r.VolumetricFog:1]]
[2022.05.10-12.18.59:271][  0]LogConfig: Setting CVar [[r.VolumetricFog.GridPixelSize:8]]
[2022.05.10-12.18.59:271][  0]LogConfig: Setting CVar [[r.VolumetricFog.GridSizeZ:128]]
[2022.05.10-12.18.59:271][  0]LogConfig: Setting CVar [[r.VolumetricFog.HistoryMissSupersampleCount:4]]
[2022.05.10-12.18.59:271][  0]LogConfig: Setting CVar [[r.LightMaxDrawDistanceScale:1]]
[2022.05.10-12.18.59:271][  0]LogConfig: Setting CVar [[r.CapsuleShadows:1]]
[2022.05.10-12.18.59:271][  0]LogConfig: Applying CVar settings from Section [PostProcessQuality@3] File [C:/Users/conno/Documents/GitHub/EisFeuer/EisFeuer_GameStudio/Saved/Config/Windows/Scalability.ini]
[2022.05.10-12.18.59:271][  0]LogConfig: Setting CVar [[r.MotionBlurQuality:4]]
[2022.05.10-12.18.59:271][  0]LogConfig: Setting CVar [[r.AmbientOcclusionMipLevelFactor:0.4]]
[2022.05.10-12.18.59:271][  0]LogConfig: Setting CVar [[r.AmbientOcclusionMaxQuality:100]]
[2022.05.10-12.18.59:271][  0]LogConfig: Setting CVar [[r.AmbientOcclusionLevels:-1]]
[2022.05.10-12.18.59:271][  0]LogConfig: Setting CVar [[r.AmbientOcclusionRadiusScale:1.0]]
[2022.05.10-12.18.59:271][  0]LogConfig: Setting CVar [[r.DepthOfFieldQuality:2]]
[2022.05.10-12.18.59:271][  0]LogConfig: Setting CVar [[r.RenderTargetPoolMin:400]]
[2022.05.10-12.18.59:271][  0]LogConfig: Setting CVar [[r.LensFlareQuality:2]]
[2022.05.10-12.18.59:271][  0]LogConfig: Setting CVar [[r.SceneColorFringeQuality:1]]
[2022.05.10-12.18.59:271][  0]LogConfig: Setting CVar [[r.EyeAdaptationQuality:2]]
[2022.05.10-12.18.59:271][  0]LogConfig: Setting CVar [[r.BloomQuality:5]]
[2022.05.10-12.18.59:271][  0]LogConfig: Setting CVar [[r.FastBlurThreshold:100]]
[2022.05.10-12.18.59:271][  0]LogConfig: Setting CVar [[r.Upscale.Quality:3]]
[2022.05.10-12.18.59:271][  0]LogConfig: Setting CVar [[r.Tonemapper.GrainQuantization:1]]
[2022.05.10-12.18.59:271][  0]LogConfig: Setting CVar [[r.LightShaftQuality:1]]
[2022.05.10-12.18.59:271][  0]LogConfig: Setting CVar [[r.Filter.SizeScale:1]]
[2022.05.10-12.18.59:271][  0]LogConfig: Setting CVar [[r.Tonemapper.Quality:5]]
[2022.05.10-12.18.59:271][  0]LogConfig: Setting CVar [[r.DOF.Gather.AccumulatorQuality:1        ; higher gathering accumulator quality]]
[2022.05.10-12.18.59:271][  0]LogConfig: Setting CVar [[r.DOF.Gather.PostfilterMethod:1          ; Median3x3 postfilering method]]
[2022.05.10-12.18.59:271][  0]LogConfig: Setting CVar [[r.DOF.Gather.EnableBokehSettings:0       ; no bokeh simulation when gathering]]
[2022.05.10-12.18.59:271][  0]LogConfig: Setting CVar [[r.DOF.Gather.RingCount:4                 ; medium number of samples when gathering]]
[2022.05.10-12.18.59:271][  0]LogConfig: Setting CVar [[r.DOF.Scatter.ForegroundCompositing:1    ; additive foreground scattering]]
[2022.05.10-12.18.59:271][  0]LogConfig: Setting CVar [[r.DOF.Scatter.BackgroundCompositing:2    ; additive background scattering]]
[2022.05.10-12.18.59:271][  0]LogConfig: Setting CVar [[r.DOF.Scatter.EnableBokehSettings:1      ; bokeh simulation when scattering]]
[2022.05.10-12.18.59:271][  0]LogConfig: Setting CVar [[r.DOF.Scatter.MaxSpriteRatio:0.1         ; only a maximum of 10% of scattered bokeh]]
[2022.05.10-12.18.59:271][  0]LogConfig: Setting CVar [[r.DOF.Recombine.Quality:1                ; cheap slight out of focus]]
[2022.05.10-12.18.59:271][  0]LogConfig: Setting CVar [[r.DOF.Recombine.EnableBokehSettings:0    ; no bokeh simulation on slight out of focus]]
[2022.05.10-12.18.59:271][  0]LogConfig: Setting CVar [[r.DOF.TemporalAAQuality:1                ; more stable temporal accumulation]]
[2022.05.10-12.18.59:271][  0]LogConfig: Setting CVar [[r.DOF.Kernel.MaxForegroundRadius:0.025]]
[2022.05.10-12.18.59:271][  0]LogConfig: Setting CVar [[r.DOF.Kernel.MaxBackgroundRadius:0.025]]
[2022.05.10-12.18.59:271][  0]LogConfig: Applying CVar settings from Section [TextureQuality@3] File [C:/Users/conno/Documents/GitHub/EisFeuer/EisFeuer_GameStudio/Saved/Config/Windows/Scalability.ini]
[2022.05.10-12.18.59:271][  0]LogConfig: Setting CVar [[r.Streaming.MipBias:0]]
[2022.05.10-12.18.59:271][  0]LogConfig: Setting CVar [[r.Streaming.AmortizeCPUToGPUCopy:0]]
[2022.05.10-12.18.59:271][  0]LogConfig: Setting CVar [[r.Streaming.MaxNumTexturesToStreamPerFrame:0]]
[2022.05.10-12.18.59:271][  0]LogConfig: Setting CVar [[r.Streaming.Boost:1]]
[2022.05.10-12.18.59:271][  0]LogConfig: Setting CVar [[r.MaxAnisotropy:8]]
[2022.05.10-12.18.59:271][  0]LogConfig: Setting CVar [[r.VT.MaxAnisotropy:8]]
[2022.05.10-12.18.59:271][  0]LogConfig: Setting CVar [[r.Streaming.LimitPoolSizeToVRAM:0]]
[2022.05.10-12.18.59:271][  0]LogConfig: Setting CVar [[r.Streaming.PoolSize:1000]]
[2022.05.10-12.18.59:271][  0]LogConfig: Setting CVar [[r.Streaming.MaxEffectiveScreenSize:0]]
[2022.05.10-12.18.59:271][  0]LogConfig: Applying CVar settings from Section [EffectsQuality@3] File [C:/Users/conno/Documents/GitHub/EisFeuer/EisFeuer_GameStudio/Saved/Config/Windows/Scalability.ini]
[2022.05.10-12.18.59:271][  0]LogConfig: Setting CVar [[r.TranslucencyLightingVolumeDim:64]]
[2022.05.10-12.18.59:271][  0]LogConfig: Setting CVar [[r.RefractionQuality:2]]
[2022.05.10-12.18.59:271][  0]LogConfig: Setting CVar [[r.SSR.Quality:3]]
[2022.05.10-12.18.59:271][  0]LogConfig: Setting CVar [[r.SSR.HalfResSceneColor:0]]
[2022.05.10-12.18.59:271][  0]LogConfig: Setting CVar [[r.SceneColorFormat:4]]
[2022.05.10-12.18.59:271][  0]LogConfig: Setting CVar [[r.DetailMode:2]]
[2022.05.10-12.18.59:271][  0]LogConfig: Setting CVar [[r.TranslucencyVolumeBlur:1]]
[2022.05.10-12.18.59:271][  0]LogConfig: Setting CVar [[r.MaterialQualityLevel:1 ; High quality]]
[2022.05.10-12.18.59:271][  0]LogConfig: Setting CVar [[r.AnisotropicMaterials:1]]
[2022.05.10-12.18.59:271][  0]LogConfig: Setting CVar [[r.SSS.Scale:1]]
[2022.05.10-12.18.59:271][  0]LogConfig: Setting CVar [[r.SSS.SampleSet:2]]
[2022.05.10-12.18.59:271][  0]LogConfig: Setting CVar [[r.SSS.Quality:1]]
[2022.05.10-12.18.59:271][  0]LogConfig: Setting CVar [[r.SSS.HalfRes:0]]
[2022.05.10-12.18.59:271][  0]LogConfig: Setting CVar [[r.SSGI.Quality:3]]
[2022.05.10-12.18.59:271][  0]LogConfig: Setting CVar [[r.EmitterSpawnRateScale:1.0]]
[2022.05.10-12.18.59:271][  0]LogConfig: Setting CVar [[r.ParticleLightQuality:2]]
[2022.05.10-12.18.59:271][  0]LogConfig: Setting CVar [[r.SkyAtmosphere.AerialPerspectiveLUT.FastApplyOnOpaque:1 ; Always have FastSkyLUT 1 in this case to avoid wrong sky]]
[2022.05.10-12.18.59:271][  0]LogConfig: Setting CVar [[r.SkyAtmosphere.AerialPerspectiveLUT.SampleCountMaxPerSlice:4]]
[2022.05.10-12.18.59:271][  0]LogConfig: Setting CVar [[r.SkyAtmosphere.AerialPerspectiveLUT.DepthResolution:16.0]]
[2022.05.10-12.18.59:271][  0]LogConfig: Setting CVar [[r.SkyAtmosphere.FastSkyLUT:1]]
[2022.05.10-12.18.59:271][  0]LogConfig: Setting CVar [[r.SkyAtmosphere.FastSkyLUT.SampleCountMin:4.0]]
[2022.05.10-12.18.59:271][  0]LogConfig: Setting CVar [[r.SkyAtmosphere.FastSkyLUT.SampleCountMax:128.0]]
[2022.05.10-12.18.59:271][  0]LogConfig: Setting CVar [[r.SkyAtmosphere.SampleCountMin:4.0]]
[2022.05.10-12.18.59:271][  0]LogConfig: Setting CVar [[r.SkyAtmosphere.SampleCountMax:128.0]]
[2022.05.10-12.18.59:271][  0]LogConfig: Setting CVar [[r.SkyAtmosphere.TransmittanceLUT.UseSmallFormat:0]]
[2022.05.10-12.18.59:271][  0]LogConfig: Setting CVar [[r.SkyAtmosphere.TransmittanceLUT.SampleCount:10.0]]
[2022.05.10-12.18.59:271][  0]LogConfig: Setting CVar [[r.SkyAtmosphere.MultiScatteringLUT.SampleCount:15.0]]
[2022.05.10-12.18.59:271][  0]LogConfig: Setting CVar [[r.SkyLight.RealTimeReflectionCapture:1]]
[2022.05.10-12.18.59:271][  0]LogConfig: Applying CVar settings from Section [FoliageQuality@3] File [C:/Users/conno/Documents/GitHub/EisFeuer/EisFeuer_GameStudio/Saved/Config/Windows/Scalability.ini]
[2022.05.10-12.18.59:271][  0]LogConfig: Setting CVar [[foliage.DensityScale:1.0]]
[2022.05.10-12.18.59:271][  0]LogConfig: Setting CVar [[grass.DensityScale:1.0]]
[2022.05.10-12.18.59:271][  0]LogConfig: Applying CVar settings from Section [ShadingQuality@3] File [C:/Users/conno/Documents/GitHub/EisFeuer/EisFeuer_GameStudio/Saved/Config/Windows/Scalability.ini]
[2022.05.10-12.18.59:271][  0]LogConfig: Setting CVar [[r.HairStrands.SkyLighting.IntegrationType:2]]
[2022.05.10-12.18.59:271][  0]LogConfig: Setting CVar [[r.HairStrands.SkyAO.SampleCount:4]]
[2022.05.10-12.18.59:271][  0]LogConfig: Setting CVar [[r.HairStrands.Visibility.MSAA.SamplePerPixel:4]]
[2022.05.10-12.18.59:272][  0]LogInit: Selected Device Profile: [Windows]
[2022.05.10-12.18.59:272][  0]LogInit: Applying CVar settings loaded from the selected device profile: [Windows]
[2022.05.10-12.18.59:272][  0]LogHAL: Display: Platform has ~ 48 GB [51456831488 / 68719476736 / 48], which maps to Largest [LargestMinGB=32, LargerMinGB=12, DefaultMinGB=8, SmallerMinGB=6, SmallestMinGB=0)
[2022.05.10-12.18.59:272][  0]LogInit: Going up to parent DeviceProfile []
[2022.05.10-12.18.59:272][  0]LogConfig: Applying CVar settings from Section [ViewDistanceQuality@3] File [C:/Users/conno/Documents/GitHub/EisFeuer/EisFeuer_GameStudio/Saved/Config/Windows/Scalability.ini]
[2022.05.10-12.18.59:272][  0]LogConfig: Setting CVar [[r.SkeletalMeshLODBias:0]]
[2022.05.10-12.18.59:272][  0]LogConfig: Setting CVar [[r.ViewDistanceScale:1.0]]
[2022.05.10-12.18.59:272][  0]LogConfig: Applying CVar settings from Section [AntiAliasingQuality@3] File [C:/Users/conno/Documents/GitHub/EisFeuer/EisFeuer_GameStudio/Saved/Config/Windows/Scalability.ini]
[2022.05.10-12.18.59:272][  0]LogConfig: Setting CVar [[r.PostProcessAAQuality:4]]
[2022.05.10-12.18.59:272][  0]LogConfig: Applying CVar settings from Section [ShadowQuality@3] File [C:/Users/conno/Documents/GitHub/EisFeuer/EisFeuer_GameStudio/Saved/Config/Windows/Scalability.ini]
[2022.05.10-12.18.59:272][  0]LogConfig: Setting CVar [[r.LightFunctionQuality:1]]
[2022.05.10-12.18.59:272][  0]LogConfig: Setting CVar [[r.ShadowQuality:5]]
[2022.05.10-12.18.59:272][  0]LogConfig: Setting CVar [[r.Shadow.CSM.MaxCascades:10]]
[2022.05.10-12.18.59:272][  0]LogConfig: Setting CVar [[r.Shadow.MaxResolution:2048]]
[2022.05.10-12.18.59:272][  0]LogConfig: Setting CVar [[r.Shadow.MaxCSMResolution:2048]]
[2022.05.10-12.18.59:272][  0]LogConfig: Setting CVar [[r.Shadow.RadiusThreshold:0.01]]
[2022.05.10-12.18.59:272][  0]LogConfig: Setting CVar [[r.Shadow.DistanceScale:1.0]]
[2022.05.10-12.18.59:272][  0]LogConfig: Setting CVar [[r.Shadow.CSM.TransitionScale:1.0]]
[2022.05.10-12.18.59:272][  0]LogConfig: Setting CVar [[r.Shadow.PreShadowResolutionFactor:1.0]]
[2022.05.10-12.18.59:272][  0]LogConfig: Setting CVar [[r.DistanceFieldShadowing:1]]
[2022.05.10-12.18.59:272][  0]LogConfig: Setting CVar [[r.DistanceFieldAO:1]]
[2022.05.10-12.18.59:272][  0]LogConfig: Setting CVar [[r.AOQuality:2]]
[2022.05.10-12.18.59:272][  0]LogConfig: Setting CVar [[r.VolumetricFog:1]]
[2022.05.10-12.18.59:272][  0]LogConfig: Setting CVar [[r.VolumetricFog.GridPixelSize:8]]
[2022.05.10-12.18.59:272][  0]LogConfig: Setting CVar [[r.VolumetricFog.GridSizeZ:128]]
[2022.05.10-12.18.59:272][  0]LogConfig: Setting CVar [[r.VolumetricFog.HistoryMissSupersampleCount:4]]
[2022.05.10-12.18.59:272][  0]LogConfig: Setting CVar [[r.LightMaxDrawDistanceScale:1]]
[2022.05.10-12.18.59:272][  0]LogConfig: Setting CVar [[r.CapsuleShadows:1]]
[2022.05.10-12.18.59:272][  0]LogConfig: Applying CVar settings from Section [PostProcessQuality@3] File [C:/Users/conno/Documents/GitHub/EisFeuer/EisFeuer_GameStudio/Saved/Config/Windows/Scalability.ini]
[2022.05.10-12.18.59:272][  0]LogConfig: Setting CVar [[r.MotionBlurQuality:4]]
[2022.05.10-12.18.59:272][  0]LogConfig: Setting CVar [[r.AmbientOcclusionMipLevelFactor:0.4]]
[2022.05.10-12.18.59:272][  0]LogConfig: Setting CVar [[r.AmbientOcclusionMaxQuality:100]]
[2022.05.10-12.18.59:272][  0]LogConfig: Setting CVar [[r.AmbientOcclusionLevels:-1]]
[2022.05.10-12.18.59:272][  0]LogConfig: Setting CVar [[r.AmbientOcclusionRadiusScale:1.0]]
[2022.05.10-12.18.59:272][  0]LogConfig: Setting CVar [[r.DepthOfFieldQuality:2]]
[2022.05.10-12.18.59:272][  0]LogConfig: Setting CVar [[r.RenderTargetPoolMin:400]]
[2022.05.10-12.18.59:272][  0]LogConfig: Setting CVar [[r.LensFlareQuality:2]]
[2022.05.10-12.18.59:272][  0]LogConfig: Setting CVar [[r.SceneColorFringeQuality:1]]
[2022.05.10-12.18.59:272][  0]LogConfig: Setting CVar [[r.EyeAdaptationQuality:2]]
[2022.05.10-12.18.59:272][  0]LogConfig: Setting CVar [[r.BloomQuality:5]]
[2022.05.10-12.18.59:272][  0]LogConfig: Setting CVar [[r.FastBlurThreshold:100]]
[2022.05.10-12.18.59:272][  0]LogConfig: Setting CVar [[r.Upscale.Quality:3]]
[2022.05.10-12.18.59:272][  0]LogConfig: Setting CVar [[r.Tonemapper.GrainQuantization:1]]
[2022.05.10-12.18.59:272][  0]LogConfig: Setting CVar [[r.LightShaftQuality:1]]
[2022.05.10-12.18.59:272][  0]LogConfig: Setting CVar [[r.Filter.SizeScale:1]]
[2022.05.10-12.18.59:272][  0]LogConfig: Setting CVar [[r.Tonemapper.Quality:5]]
[2022.05.10-12.18.59:272][  0]LogConfig: Setting CVar [[r.DOF.Gather.AccumulatorQuality:1        ; higher gathering accumulator quality]]
[2022.05.10-12.18.59:272][  0]LogConfig: Setting CVar [[r.DOF.Gather.PostfilterMethod:1          ; Median3x3 postfilering method]]
[2022.05.10-12.18.59:272][  0]LogConfig: Setting CVar [[r.DOF.Gather.EnableBokehSettings:0       ; no bokeh simulation when gathering]]
[2022.05.10-12.18.59:272][  0]LogConfig: Setting CVar [[r.DOF.Gather.RingCount:4                 ; medium number of samples when gathering]]
[2022.05.10-12.18.59:272][  0]LogConfig: Setting CVar [[r.DOF.Scatter.ForegroundCompositing:1    ; additive foreground scattering]]
[2022.05.10-12.18.59:272][  0]LogConfig: Setting CVar [[r.DOF.Scatter.BackgroundCompositing:2    ; additive background scattering]]
[2022.05.10-12.18.59:272][  0]LogConfig: Setting CVar [[r.DOF.Scatter.EnableBokehSettings:1      ; bokeh simulation when scattering]]
[2022.05.10-12.18.59:272][  0]LogConfig: Setting CVar [[r.DOF.Scatter.MaxSpriteRatio:0.1         ; only a maximum of 10% of scattered bokeh]]
[2022.05.10-12.18.59:272][  0]LogConfig: Setting CVar [[r.DOF.Recombine.Quality:1                ; cheap slight out of focus]]
[2022.05.10-12.18.59:272][  0]LogConfig: Setting CVar [[r.DOF.Recombine.EnableBokehSettings:0    ; no bokeh simulation on slight out of focus]]
[2022.05.10-12.18.59:272][  0]LogConfig: Setting CVar [[r.DOF.TemporalAAQuality:1                ; more stable temporal accumulation]]
[2022.05.10-12.18.59:272][  0]LogConfig: Setting CVar [[r.DOF.Kernel.MaxForegroundRadius:0.025]]
[2022.05.10-12.18.59:272][  0]LogConfig: Setting CVar [[r.DOF.Kernel.MaxBackgroundRadius:0.025]]
[2022.05.10-12.18.59:272][  0]LogConfig: Applying CVar settings from Section [TextureQuality@3] File [C:/Users/conno/Documents/GitHub/EisFeuer/EisFeuer_GameStudio/Saved/Config/Windows/Scalability.ini]
[2022.05.10-12.18.59:272][  0]LogConfig: Setting CVar [[r.Streaming.MipBias:0]]
[2022.05.10-12.18.59:272][  0]LogConfig: Setting CVar [[r.Streaming.AmortizeCPUToGPUCopy:0]]
[2022.05.10-12.18.59:272][  0]LogConfig: Setting CVar [[r.Streaming.MaxNumTexturesToStreamPerFrame:0]]
[2022.05.10-12.18.59:272][  0]LogConfig: Setting CVar [[r.Streaming.Boost:1]]
[2022.05.10-12.18.59:272][  0]LogConfig: Setting CVar [[r.MaxAnisotropy:8]]
[2022.05.10-12.18.59:272][  0]LogConfig: Setting CVar [[r.VT.MaxAnisotropy:8]]
[2022.05.10-12.18.59:272][  0]LogConfig: Setting CVar [[r.Streaming.LimitPoolSizeToVRAM:0]]
[2022.05.10-12.18.59:272][  0]LogConfig: Setting CVar [[r.Streaming.PoolSize:1000]]
[2022.05.10-12.18.59:272][  0]LogConfig: Setting CVar [[r.Streaming.MaxEffectiveScreenSize:0]]
[2022.05.10-12.18.59:272][  0]LogConfig: Applying CVar settings from Section [EffectsQuality@3] File [C:/Users/conno/Documents/GitHub/EisFeuer/EisFeuer_GameStudio/Saved/Config/Windows/Scalability.ini]
[2022.05.10-12.18.59:272][  0]LogConfig: Setting CVar [[r.TranslucencyLightingVolumeDim:64]]
[2022.05.10-12.18.59:272][  0]LogConfig: Setting CVar [[r.RefractionQuality:2]]
[2022.05.10-12.18.59:272][  0]LogConfig: Setting CVar [[r.SSR.Quality:3]]
[2022.05.10-12.18.59:272][  0]LogConfig: Setting CVar [[r.SSR.HalfResSceneColor:0]]
[2022.05.10-12.18.59:272][  0]LogConfig: Setting CVar [[r.SceneColorFormat:4]]
[2022.05.10-12.18.59:272][  0]LogConfig: Setting CVar [[r.DetailMode:2]]
[2022.05.10-12.18.59:272][  0]LogConfig: Setting CVar [[r.TranslucencyVolumeBlur:1]]
[2022.05.10-12.18.59:272][  0]LogConfig: Setting CVar [[r.MaterialQualityLevel:1 ; High quality]]
[2022.05.10-12.18.59:272][  0]LogConfig: Setting CVar [[r.AnisotropicMaterials:1]]
[2022.05.10-12.18.59:272][  0]LogConfig: Setting CVar [[r.SSS.Scale:1]]
[2022.05.10-12.18.59:272][  0]LogConfig: Setting CVar [[r.SSS.SampleSet:2]]
[2022.05.10-12.18.59:272][  0]LogConfig: Setting CVar [[r.SSS.Quality:1]]
[2022.05.10-12.18.59:272][  0]LogConfig: Setting CVar [[r.SSS.HalfRes:0]]
[2022.05.10-12.18.59:272][  0]LogConfig: Setting CVar [[r.SSGI.Quality:3]]
[2022.05.10-12.18.59:272][  0]LogConfig: Setting CVar [[r.EmitterSpawnRateScale:1.0]]
[2022.05.10-12.18.59:272][  0]LogConfig: Setting CVar [[r.ParticleLightQuality:2]]
[2022.05.10-12.18.59:272][  0]LogConfig: Setting CVar [[r.SkyAtmosphere.AerialPerspectiveLUT.FastApplyOnOpaque:1 ; Always have FastSkyLUT 1 in this case to avoid wrong sky]]
[2022.05.10-12.18.59:272][  0]LogConfig: Setting CVar [[r.SkyAtmosphere.AerialPerspectiveLUT.SampleCountMaxPerSlice:4]]
[2022.05.10-12.18.59:272][  0]LogConfig: Setting CVar [[r.SkyAtmosphere.AerialPerspectiveLUT.DepthResolution:16.0]]
[2022.05.10-12.18.59:272][  0]LogConfig: Setting CVar [[r.SkyAtmosphere.FastSkyLUT:1]]
[2022.05.10-12.18.59:272][  0]LogConfig: Setting CVar [[r.SkyAtmosphere.FastSkyLUT.SampleCountMin:4.0]]
[2022.05.10-12.18.59:272][  0]LogConfig: Setting CVar [[r.SkyAtmosphere.FastSkyLUT.SampleCountMax:128.0]]
[2022.05.10-12.18.59:272][  0]LogConfig: Setting CVar [[r.SkyAtmosphere.SampleCountMin:4.0]]
[2022.05.10-12.18.59:272][  0]LogConfig: Setting CVar [[r.SkyAtmosphere.SampleCountMax:128.0]]
[2022.05.10-12.18.59:272][  0]LogConfig: Setting CVar [[r.SkyAtmosphere.TransmittanceLUT.UseSmallFormat:0]]
[2022.05.10-12.18.59:272][  0]LogConfig: Setting CVar [[r.SkyAtmosphere.TransmittanceLUT.SampleCount:10.0]]
[2022.05.10-12.18.59:272][  0]LogConfig: Setting CVar [[r.SkyAtmosphere.MultiScatteringLUT.SampleCount:15.0]]
[2022.05.10-12.18.59:272][  0]LogConfig: Setting CVar [[r.SkyLight.RealTimeReflectionCapture:1]]
[2022.05.10-12.18.59:272][  0]LogConfig: Applying CVar settings from Section [FoliageQuality@3] File [C:/Users/conno/Documents/GitHub/EisFeuer/EisFeuer_GameStudio/Saved/Config/Windows/Scalability.ini]
[2022.05.10-12.18.59:272][  0]LogConfig: Setting CVar [[foliage.DensityScale:1.0]]
[2022.05.10-12.18.59:272][  0]LogConfig: Setting CVar [[grass.DensityScale:1.0]]
[2022.05.10-12.18.59:272][  0]LogConfig: Applying CVar settings from Section [ShadingQuality@3] File [C:/Users/conno/Documents/GitHub/EisFeuer/EisFeuer_GameStudio/Saved/Config/Windows/Scalability.ini]
[2022.05.10-12.18.59:272][  0]LogConfig: Setting CVar [[r.HairStrands.SkyLighting.IntegrationType:2]]
[2022.05.10-12.18.59:272][  0]LogConfig: Setting CVar [[r.HairStrands.SkyAO.SampleCount:4]]
[2022.05.10-12.18.59:272][  0]LogConfig: Setting CVar [[r.HairStrands.Visibility.MSAA.SamplePerPixel:4]]
[2022.05.10-12.18.59:272][  0]LogConfig: Applying CVar settings from Section [Startup] File [../../../Engine/Config/ConsoleVariables.ini]
[2022.05.10-12.18.59:273][  0]LogConfig: Setting CVar [[net.UseAdaptiveNetUpdateFrequency:0]]
[2022.05.10-12.18.59:273][  0]LogConfig: Setting CVar [[p.chaos.AllowCreatePhysxBodies:1]]
[2022.05.10-12.18.59:273][  0]LogConfig: Setting CVar [[fx.SkipVectorVMBackendOptimizations:1]]
[2022.05.10-12.18.59:273][  0]LogConfig: Applying CVar settings from Section [ConsoleVariables] File [C:/Users/conno/Documents/GitHub/EisFeuer/EisFeuer_GameStudio/Saved/Config/Windows/Engine.ini]
[2022.05.10-12.18.59:273][  0]LogConfig: Applying CVar settings from Section [ConsoleVariables] File [C:/Users/conno/Documents/GitHub/EisFeuer/EisFeuer_GameStudio/Saved/Config/Windows/Editor.ini]
[2022.05.10-12.18.59:273][  0]LogInit: Computer: PANDORA
[2022.05.10-12.18.59:273][  0]LogInit: User: Connor
[2022.05.10-12.18.59:273][  0]LogInit: CPU Page size=4096, Cores=12
[2022.05.10-12.18.59:273][  0]LogInit: High frequency timer resolution =10.000000 MHz
[2022.05.10-12.18.59:273][  0]LogMemory: Memory total: Physical=47.9GB (48GB approx)
[2022.05.10-12.18.59:273][  0]LogMemory: Platform Memory Stats for Windows
[2022.05.10-12.18.59:273][  0]LogMemory: Process Physical Memory: 155.16 MB used, 155.16 MB peak
[2022.05.10-12.18.59:273][  0]LogMemory: Process Virtual Memory: 136.15 MB used, 136.15 MB peak
[2022.05.10-12.18.59:273][  0]LogMemory: Physical Memory: 16801.01 MB used,  32272.05 MB free, 49073.06 MB total
[2022.05.10-12.18.59:273][  0]LogMemory: Virtual Memory: 134182784.00 MB used,  34945.64 MB free, 134217728.00 MB total
[2022.05.10-12.18.59:277][  0]LogWindows: WindowsPlatformFeatures enabled
[2022.05.10-12.18.59:319][  0]LogInit: Physics initialised using underlying interface: PhysX
[2022.05.10-12.18.59:319][  0]LogInit: Using OS detected language (en-GB).
[2022.05.10-12.18.59:319][  0]LogInit: Using OS detected locale (en-GB).
[2022.05.10-12.18.59:322][  0]LogTextLocalizationManager: No specific localization for 'en-GB' exists, so the 'en' localization will be used.
[2022.05.10-12.18.59:465][  0]LogWindowsTextInputMethodSystem: Display: IME system deactivated.
[2022.05.10-12.18.59:487][  0]LogSlate: New Slate User Created.  User Index 0, Is Virtual User: 0
[2022.05.10-12.18.59:487][  0]LogSlate: Slate User Registered.  User Index 0, Is Virtual User: 0
[2022.05.10-12.18.59:502][  0]LogD3D11RHI: Loaded GFSDK_Aftermath_Lib.x64.dll
[2022.05.10-12.18.59:504][  0]LogHMD: Failed to initialize OpenVR with code 110
[2022.05.10-12.18.59:504][  0]LogD3D11RHI: D3D11 min allowed feature level: 11_0
[2022.05.10-12.18.59:504][  0]LogD3D11RHI: D3D11 max allowed feature level: 11_0
[2022.05.10-12.18.59:504][  0]LogD3D11RHI: D3D11 adapters:
[2022.05.10-12.18.59:596][  0]LogD3D11RHI:    0. 'NVIDIA GeForce RTX 3080' (Feature Level 11_0)
[2022.05.10-12.18.59:596][  0]LogD3D11RHI:       10078/0/24536 MB DedicatedVideo/DedicatedSystem/SharedSystem, Outputs:2, VendorId:0x10de
[2022.05.10-12.18.59:597][  0]LogD3D11RHI:    1. 'Microsoft Basic Render Driver' (Feature Level 11_0)
[2022.05.10-12.18.59:597][  0]LogD3D11RHI:       0/0/24536 MB DedicatedVideo/DedicatedSystem/SharedSystem, Outputs:0, VendorId:0x1414
[2022.05.10-12.18.59:597][  0]LogD3D11RHI: Chosen D3D11 Adapter:
[2022.05.10-12.18.59:597][  0]LogD3D11RHI:     Description : NVIDIA GeForce RTX 3080
[2022.05.10-12.18.59:598][  0]LogD3D11RHI:     VendorId    : 10de
[2022.05.10-12.18.59:598][  0]LogD3D11RHI:     DeviceId    : 2206
[2022.05.10-12.18.59:598][  0]LogD3D11RHI:     SubSysId    : 38921462
[2022.05.10-12.18.59:598][  0]LogD3D11RHI:     Revision    : 00a1
[2022.05.10-12.18.59:598][  0]LogD3D11RHI:     DedicatedVideoMemory : 10567548928 bytes
[2022.05.10-12.18.59:598][  0]LogD3D11RHI:     DedicatedSystemMemory : 0 bytes
[2022.05.10-12.18.59:598][  0]LogD3D11RHI:     SharedSystemMemory : 25728415744 bytes
[2022.05.10-12.18.59:598][  0]LogD3D11RHI:     AdapterLuid : 0 54474
[2022.05.10-12.18.59:604][  0]LogD3D11RHI: Creating new Direct3DDevice
[2022.05.10-12.18.59:604][  0]LogD3D11RHI:     GPU DeviceId: 0x2206 (for the marketing name, search the web for "GPU Device Id")
[2022.05.10-12.18.59:604][  0]LogWindows: EnumDisplayDevices:
[2022.05.10-12.18.59:605][  0]LogWindows:    0. 'NVIDIA GeForce RTX 3080' (P:0 D:1)
[2022.05.10-12.18.59:605][  0]LogWindows:    1. 'NVIDIA GeForce RTX 3080' (P:1 D:1)
[2022.05.10-12.18.59:605][  0]LogWindows:    2. 'NVIDIA GeForce RTX 3080' (P:0 D:0)
[2022.05.10-12.18.59:605][  0]LogWindows:    3. 'NVIDIA GeForce RTX 3080' (P:0 D:0)
[2022.05.10-12.18.59:605][  0]LogWindows: DebugString: FoundDriverCount:4 
[2022.05.10-12.18.59:605][  0]LogD3D11RHI:     Adapter Name: NVIDIA GeForce RTX 3080
[2022.05.10-12.18.59:605][  0]LogD3D11RHI:   Driver Version: 512.59 (internal:30.0.15.1259, unified:512.59)
[2022.05.10-12.18.59:605][  0]LogD3D11RHI:      Driver Date: 4-20-2022
[2022.05.10-12.18.59:605][  0]LogRHI: Texture pool is 7054 MB (70% of 10078 MB)
[2022.05.10-12.18.59:605][  0]LogD3D11RHI: Creating D3DDevice using adapter:
[2022.05.10-12.18.59:605][  0]LogD3D11RHI:     Description : NVIDIA GeForce RTX 3080
[2022.05.10-12.18.59:605][  0]LogD3D11RHI:     VendorId    : 10de
[2022.05.10-12.18.59:605][  0]LogD3D11RHI:     DeviceId    : 2206
[2022.05.10-12.18.59:605][  0]LogD3D11RHI:     SubSysId    : 38921462
[2022.05.10-12.18.59:606][  0]LogD3D11RHI:     Revision    : 00a1
[2022.05.10-12.18.59:606][  0]LogD3D11RHI:     DedicatedVideoMemory : 10567548928 bytes
[2022.05.10-12.18.59:606][  0]LogD3D11RHI:     DedicatedSystemMemory : 0 bytes
[2022.05.10-12.18.59:606][  0]LogD3D11RHI:     SharedSystemMemory : 25728415744 bytes
[2022.05.10-12.18.59:606][  0]LogD3D11RHI:     AdapterLuid : 0 54474
[2022.05.10-12.18.59:657][  0]LogD3D11RHI: RHI has support for 64 bit atomics
[2022.05.10-12.18.59:657][  0]LogD3D11RHI: Async texture creation enabled
[2022.05.10-12.18.59:657][  0]LogD3D11RHI: Array index from any shader is supported
[2022.05.10-12.18.59:679][  0]LogD3D11RHI: GPU Timing Frequency: 1000.000000 (Debug: 2 2)
[2022.05.10-12.18.59:711][  0]LogRHI: GeForceNow SDK initialized: 1
[2022.05.10-12.18.59:953][  0]LogTargetPlatformManager: Display: Loaded TargetPlatform 'WindowsNoEditor'
[2022.05.10-12.18.59:957][  0]LogTargetPlatformManager: Display: Loaded TargetPlatform 'Windows'
[2022.05.10-12.18.59:960][  0]LogTargetPlatformManager: Display: Loaded TargetPlatform 'WindowsClient'
[2022.05.10-12.18.59:964][  0]LogTargetPlatformManager: Display: Loaded TargetPlatform 'WindowsServer'
[2022.05.10-12.18.59:964][  0]LogTargetPlatformManager: Display: Building Assets For Windows
[2022.05.10-12.18.59:971][  0]LogAudioDebug: Display: Lib vorbis DLL was dynamically loaded.
[2022.05.10-12.19.00:000][  0]LogTextureFormatOodle: Display: Oodle Texture 2.9.0 init RDO Off
[2022.05.10-12.19.00:027][  0]LogRendererCore: Ray tracing is disabled. Reason: r.RayTracing=0.
[2022.05.10-12.19.00:027][  0]LogShaderCompilers: Guid format shader working directory is -30 characters bigger than the processId version (../../../../../../Users/conno/Documents/GitHub/EisFeuer/EisFeuer_GameStudio/Intermediate/Shaders/WorkingDirectory/26604/).
[2022.05.10-12.19.00:027][  0]LogShaderCompilers: Cleaned the shader compiler working directory 'C:/Users/conno/AppData/Local/Temp/UnrealShaderWorkingDir/D7D1C70744E4AE9B1DB5BAA6D4666524/'.
[2022.05.10-12.19.00:027][  0]LogXGEController: Cannot use XGE Controller as Incredibuild is not installed on this machine.
[2022.05.10-12.19.00:027][  0]LogShaderCompilers: Cannot use XGE Shader Compiler as Incredibuild is not installed on this machine.
[2022.05.10-12.19.00:027][  0]LogShaderCompilers: Display: Using Local Shader Compiler.
[2022.05.10-12.19.00:563][  0]LogDerivedDataCache: Display: Max Cache Size: 512 MB
[2022.05.10-12.19.00:611][  0]LogDerivedDataCache: Loaded boot cache 0.05s 105MB C:/Users/conno/AppData/Local/UnrealEngine/4.27/DerivedDataCache/Boot.ddc.
[2022.05.10-12.19.00:611][  0]LogDerivedDataCache: Display: Loaded Boot cache: C:/Users/conno/AppData/Local/UnrealEngine/4.27/DerivedDataCache/Boot.ddc
[2022.05.10-12.19.00:611][  0]LogDerivedDataCache: FDerivedDataBackendGraph:  Pak pak cache file ../../../../../../Users/conno/Documents/GitHub/EisFeuer/EisFeuer_GameStudio/DerivedDataCache/DDC.ddp not found, will not use a pak cache.
[2022.05.10-12.19.00:611][  0]LogDerivedDataCache: Unable to find inner node Pak for hierarchical cache Hierarchy.
[2022.05.10-12.19.00:611][  0]LogDerivedDataCache: FDerivedDataBackendGraph:  CompressedPak pak cache file ../../../../../../Users/conno/Documents/GitHub/EisFeuer/EisFeuer_GameStudio/DerivedDataCache/Compressed.ddp not found, will not use a pak cache.
[2022.05.10-12.19.00:611][  0]LogDerivedDataCache: Unable to find inner node CompressedPak for hierarchical cache Hierarchy.
[2022.05.10-12.19.00:624][  0]LogDerivedDataCache: Display: Pak cache opened for reading ../../../Engine/DerivedDataCache/Compressed.ddp.
[2022.05.10-12.19.00:624][  0]LogDerivedDataCache: FDerivedDataBackendGraph:  EnterprisePak pak cache file ../../../Enterprise/DerivedDataCache/Compressed.ddp not found, will not use a pak cache.
[2022.05.10-12.19.00:624][  0]LogDerivedDataCache: Unable to find inner node EnterprisePak for hierarchical cache Hierarchy.
[2022.05.10-12.19.00:634][  0]LogDerivedDataCache: Speed tests for C:/Users/conno/AppData/Local/UnrealEngine/Common/DerivedDataCache took 0.01 seconds
[2022.05.10-12.19.00:634][  0]LogDerivedDataCache: Display: Performance to C:/Users/conno/AppData/Local/UnrealEngine/Common/DerivedDataCache: Latency=0.03ms. RandomReadSpeed=1191.30MBs, RandomWriteSpeed=106.21MBs. Assigned SpeedClass 'Local'
[2022.05.10-12.19.00:635][  0]LogDerivedDataCache: Using Local data cache path C:/Users/conno/AppData/Local/UnrealEngine/Common/DerivedDataCache: Writable
[2022.05.10-12.19.00:635][  0]LogDerivedDataCache: Shared data cache path not found in *engine.ini, will not use an Shared cache.
[2022.05.10-12.19.00:635][  0]LogDerivedDataCache: Unable to find inner node Shared for hierarchical cache Hierarchy.
[2022.05.10-12.19.00:659][  0]LogSlate: Using FreeType 2.10.0
[2022.05.10-12.19.00:660][  0]LogSlate: SlateFontServices - WITH_FREETYPE: 1, WITH_HARFBUZZ: 1
[2022.05.10-12.19.00:712][  0]LogInit: Using OS detected language (en-GB).
[2022.05.10-12.19.00:712][  0]LogInit: Using OS detected locale (en-GB).
[2022.05.10-12.19.00:712][  0]LogTextLocalizationManager: No localization for 'en-GB' exists, so 'en' will be used for the language.
[2022.05.10-12.19.00:712][  0]LogTextLocalizationManager: No localization for 'en-GB' exists, so 'en' will be used for the locale.
[2022.05.10-12.19.00:712][  0]LogSlate: FontCache flush requested. Reason: Culture for localization was changed
[2022.05.10-12.19.00:712][  0]LogSlate: FontCache flush requested. Reason: Culture for localization was changed
[2022.05.10-12.19.00:714][  0]LogTextLocalizationManager: Compacting localization data took   0.01ms
[2022.05.10-12.19.00:714][  0]LogAssetRegistry: FAssetRegistry took 0.0014 seconds to start up
[2022.05.10-12.19.00:834][  0]LogPackageLocalizationCache: Processed 27 localized package path(s) for 1 prioritized culture(s) in 0.001130 seconds
[2022.05.10-12.19.00:882][  0]LogInit: Selected Device Profile: [Windows]
[2022.05.10-12.19.00:882][  0]LogInit: Active device profile: [000001A8AFF79100][000001A8AC2B8FC0 49] Windows
[2022.05.10-12.19.00:882][  0]LogInit: Profiles: [000001A8AFF79100][000001A8AC2B8FC0 49] Windows, [000001A8AFF52E00][000001A8AC2C1140 49] WindowsNoEditor, [000001A8AFF7A200][000001A8AC2C52C0 49] WindowsServer, [000001A8AFF52000][000001A8AC2C9440 49] WindowsClient, [000001A8AFF79700][000001A8AC2CD5C0 49] IOS, [000001A8AFF53000][000001A8AC2BD700 49] iPadAir, [000001A8AFF7BC00][000001A8AC2D1840 49] iPadAir2, [000001A8AFEED400][000001A8AC2D9A80 49] IPadPro, [000001A8AFEED500][000001A8AC2D5AC0 49] iPadAir3, [000001A8AFF51A00][000001A8AC2E00C0 49] iPadAir4, [000001A8AFEEE300][000001A8AC2E4240 49] iPadMini2, [000001A8AFF53800][000001A8AC6963C0 49] iPadMini3, [000001A8AFEEEF00][000001A8AC69A540 49] iPadMini4, [000001A8AFF52500][000001A8AC69E6C0 49] iPadMini5, [000001A8AFF09000][000001A8AC6A6980 49] iPhone6, [000001A8AFF09100][000001A8AC6A29C0 49] iPodTouch6, [000001A8AFF7B900][000001A8AC6AEC80 49] iPhone7, [000001A8AFF7A900][000001A8AC6AACC0 49] iPodTouch7, [000001A8AFEED000][000001A8AC6B2E40 49] iPhone5S, [000001A8AFF7AF00][000001A8AC6B6FC0 49] iPhone6Plus, [000001A8AFEEF600][000001A8AC6BB140 49] iPhone6S, [000001A8AFF78C00][000001A8AC6BF2C0 49] iPhone6SPlus, [000001A8AFF79D00][000001A8AC6C3440 49] iPhone7Plus, [000001A8AFF08800][000001A8AC6C75C0 49] iPhoneSE, [000001A8AFF78400][000001A8AC6CB740 49] iPhone8, [000001A8AFF08900][000001A8AC6CF8C0 49] iPhone8Plus, [000001A8AFF0AE00][000001A8AC2DDA00 49] iPhoneX, [000001A8AFEEDD00][000001A8AC6D3B40 49] iPhoneXS, [000001A8AFF0A700][000001A8AC6D6100 49] iPhoneXSMax, [000001A8AFEEDC00][000001A8AC6DE280 49] iPhoneXR, [000001A8AFF0A800][000001A8AC9FC400 49] iPhone11, [000001A8AFEECF00][000001A8ACA00580 49] iPhone11Pro, [000001A8AFF08B00][000001A8ACA04700 49] iPhone11ProMax, [000001A8AFEECD00][000001A8AC626880 49] iPhoneSE2, [000001A8AFF08E00][000001A8AC62AA00 49] iPhone12Mini, [000001A8AFF7B800][000001A8AC62EB80 49] iPhone12, [000001A8AFF0B000][000001A8AC632D00 49] iPhone12Pro, [000001A8AFF7B700][000001A8AC636E80 49] iPhone12ProMax, [000001A8AFF09E00][000001A8AC63B000 49] iPadPro105, [000001A8AFF79300][000001A8AC63F180 49] iPadPro129, [000001A8AFF0BE00][000001A8AC643300 49] iPadPro97, [000001A8AFF79C00][000001A8AC647480 49] iPadPro2_129, [000001A8AFF0A000][000001A891BD5600 49] iPad5, [000001A8AFF7A300][000001A891BD9780 49] iPad6, [000001A8AFF0BB00][000001A891BDD900 49] iPad7, [000001A8AFF79E00][000001A891BE1A80 49] iPad8, [000001A8AFF0A900][000001A8AC6DBBC0 49] iPadPro11, [000001A8AFF7A600][000001A891BE4180 49] iPadPro2_11, [000001A8AFF08F00][000001A891BE82C0 49] iPadPro3_129, [000001A8AFF78200][000001A891BF0440 49] iPadPro4_129, [000001A8AFF0BC00][000001A891BF45C0 49] AppleTV, [000001A8AFF79A00][000001A891BF8740 49] AppleTV4K, [000001A8AFF0A100][000001A891BFC8C0 49] TVOS, [000001A8AFF78F00][000001A891C00A40 49] Mac, [000001A8AFF0AF00][000001A8ACA08BC0 49] MacClient, [000001A8AFF7BE00][000001A8ACA0CD40 49] MacNoEditor, [000001A8AFF0AC00][000001A8ACA10EC0 49] MacServer, [000001A8AFF7A700][000001A8ACA15040 49] Linux, [000001A8AFF08400][000001A8ACA191C0 49] LinuxAArch64, [000001A8AFF78700][000001A8ACA1D340 49] LinuxNoEditor, [000001A8AFF0B700][000001A8ACA214C0 49] LinuxAArch64NoEditor, [000001A8AFF7BB00][000001A8ACA25640 49] LinuxClient, [000001A8AFF0B400][000001A8ACA297C0 49] LinuxAArch64Client, [000001A8AFF79B00][000001A8ACA2D940 49] LinuxServer, [000001A8AFF08700][000001A8ACA31AC0 49] LinuxAArch64Server, [000001A8AFF7B300][000001A8ACA340C0 49] Android, [000001A8AFF0AA00][000001A891BEC200 49] Android_Low, [000001A8AFF7AE00][000001A8ACA38340 49] Android_Mid, [000001A8AFF09F00][000001A8ACA3C480 49] Android_High, [000001A8AFF79900][000001A8ACA405C0 49] Android_Default, [000001A8AFF08100][000001A8ACA48740 49] Android_Adreno4xx, [000001A8AFF78600][000001A8ACA4C8C0 49] Android_Adreno5xx_Low, [000001A8AFF09400][000001A8ACA50A40 49] Android_Adreno5xx, [000001A8AFF7B400][000001A8ACA54BC0 49] Android_Adreno6xx, [000001A8AFF0A400][000001A8ACA58D40 49] Android_Adreno6xx_Vulkan, [000001A8AFF7AD00][000001A8ACA5CEC0 49] Android_Mali_T6xx, [000001A8AFF08600][000001A8ACA61040 49] Android_Mali_T7xx, [000001A8AFF78500][000001A8ACA651C0 49] Android_Mali_T8xx, [000001A8AFF08200][000001A8ACA69340 49] Android_Mali_G71, [000001A8AFEEF100][000001A8ACA6D4C0 49] Android_Mali_G72, [000001A8AFF53600][000001A8ACA71640 49] Android_Mali_G72_Vulkan, [000001A8AFEEEB00][000001A8ACA757C0 49] Android_Mali_G76, [000001A8AFF50500][000001A8ACA79940 49] Android_Mali_G76_Vulkan, [000001A8AFEECC00][000001A8ACA7DAC0 49] Android_Mali_G77, [000001A8AFF50600][000001A8AD46E0C0 49] Android_Mali_G77_Vulkan, [000001A8AFEEE400][000001A8AD472240 49] Android_Mali_G78, [000001A8AFF50D00][000001A8ACA44380 49] Android_Mali_G78_Vulkan, [000001A8AFEEFD00][000001A8AD4764C0 49] Android_Mali_G710, [000001A8AFF53200][000001A8AD47A600 49] Android_Mali_G710_Vulkan, [000001A8AFEEEA00][000001A8AD47E740 49] Android_Vulkan_SM5, [000001A8AFF52100][000001A8AD4868C0 49] Android_PowerVR_G6xxx, [000001A8AFEEC500][000001A8AD48AA40 49] Android_PowerVR_GT7xxx, [000001A8AFF50200][000001A8AD48EBC0 49] Android_PowerVR_GE8xxx, [000001A8AFEEFB00][000001A8AD492D40 49] Android_PowerVR_GM9xxx, [000001A8AFF52800][000001A8AD496EC0 49] Android_PowerVR_GM9xxx_Vulkan, [000001A8AFEEDF00][000001A8AD49B040 49] Android_TegraK1, [000001A8AFF50A00][000001A8AD49F1C0 49] Android_Unknown_Vulkan, [000001A8AFEEF900][000001A8AD4A3340 49] Lumin, [000001A8AFF51100][000001A8AD4A74C0 49] Lumin_Desktop, [000001A8AFEEE000][000001A8AD4AB640 49] HoloLens, 
[2022.05.10-12.19.00:918][  0]LogMeshReduction: Using QuadricMeshReduction for automatic static mesh reduction
[2022.05.10-12.19.00:918][  0]LogMeshReduction: Using SimplygonMeshReduction for automatic skeletal mesh reduction
[2022.05.10-12.19.00:918][  0]LogMeshReduction: Using ProxyLODMeshReduction for automatic mesh merging
[2022.05.10-12.19.00:918][  0]LogMeshReduction: No distributed automatic mesh merging module available
[2022.05.10-12.19.00:918][  0]LogMeshMerging: No distributed automatic mesh merging module available
[2022.05.10-12.19.00:993][  0]LogNetVersion: EisFeuer_GameStudio 1.0.0, NetCL: 17155196, EngineNetVer: 17, GameNetVer: 0 (Checksum: 457398208)
[2022.05.10-12.19.01:163][  0]LogTexture: Default maximum texture size for cubemaps generated from long-lat sources has been changed from 512 to unlimited. In order to preserve old behaiour for '/Engine/MapTemplates/Sky/DaylightAmbientCubemap.DaylightAmbientCubemap', its maximum texture size has been explicitly set to 512.
[2022.05.10-12.19.01:203][  0]LogHMD: PokeAHoleMaterial loaded successfully
[2022.05.10-12.19.01:292][  0]LogMoviePlayer: Initializing movie player
[2022.05.10-12.19.01:395][  0]LogNiagaraDebuggerClient: Niagara Debugger Client Initialized | Session: 5E1055A24B12498DECDE319BEC5ED4A1 | Instance: 369E72F34B6326D30BB4CFAFFCB8038A (PANDORA-26604).
[2022.05.10-12.19.01:413][  0]LogCollectionManager: Loaded 0 collections in 0.001522 seconds
[2022.05.10-12.19.01:415][  0]LogFileCache: Scanning file cache for directory 'C:/Users/conno/Documents/GitHub/EisFeuer/EisFeuer_GameStudio/Saved/Collections/' took 0.00s
[2022.05.10-12.19.01:415][  0]LogFileCache: Scanning file cache for directory 'C:/Users/conno/Documents/GitHub/EisFeuer/EisFeuer_GameStudio/Content/Developers/Connor/Collections/' took 0.00s
[2022.05.10-12.19.01:415][  0]LogFileCache: Scanning file cache for directory 'C:/Users/conno/Documents/GitHub/EisFeuer/EisFeuer_GameStudio/Content/Collections/' took 0.00s
[2022.05.10-12.19.01:415][  0]LogCollectionManager: Fixed up redirectors for 0 collections in 0.000001 seconds (updated 0 objects)
[2022.05.10-12.19.01:499][  0]LogPython: Using Python 3.7.7
[2022.05.10-12.19.01:799][  0]LogTcpMessaging: Initializing TcpMessaging bridge
[2022.05.10-12.19.01:802][  0]LogUdpMessaging: Initializing bridge on interface 0.0.0.0:0 to multicast group 230.0.0.1:6666.
[2022.05.10-12.19.01:876][  0]SourceControl: Source control is disabled
[2022.05.10-12.19.01:876][  0]SourceControl: Source control is disabled
[2022.05.10-12.19.01:879][  0]SourceControl: Source control is disabled
[2022.05.10-12.19.01:883][  0]LogUProjectInfo: Found projects:
[2022.05.10-12.19.01:957][  0]LogOpenImageDenoise: OIDN starting up
[2022.05.10-12.19.01:981][  0]LogAndroidPermission: UAndroidPermissionCallbackProxy::GetInstance
[2022.05.10-12.19.02:008][  0]LogAudioCaptureCore: Display: No Audio Capture implementations found. Audio input will be silent.
[2022.05.10-12.19.02:008][  0]LogAudioCaptureCore: Display: No Audio Capture implementations found. Audio input will be silent.
[2022.05.10-12.19.02:051][  0]LogOcInput: OculusInput pre-init called
[2022.05.10-12.19.02:058][  0]LogUObjectArray: 22121 objects as part of root set at end of initial load.
[2022.05.10-12.19.02:058][  0]LogUObjectAllocator: 5975632 out of 0 bytes used by permanent object pool.
[2022.05.10-12.19.02:058][  0]LogUObjectArray: CloseDisregardForGC: 0/0 objects in disregard for GC pool
[2022.05.10-12.19.02:097][  0]LogEngine: Initializing Engine...
[2022.05.10-12.19.02:099][  0]LogHMD: Failed to enumerate extensions. Please check that you have a valid OpenXR runtime installed.
[2022.05.10-12.19.02:099][  0]LogHMD: Failed to initialize OpenVR with code 110
[2022.05.10-12.19.02:100][  0]LogMagicLeap: Warning: VR disabled because ZI is not enabled.  To enable, in the editor, Edit -> Project Settings -> Plugins -> Magic Leap Plugin -> Enable Zero Iteration
[2022.05.10-12.19.02:100][  0]LogStats: UGameplayTagsManager::InitializeManager -  0.000 s
[2022.05.10-12.19.02:167][  0]LogInit: Initializing FReadOnlyCVARCache
[2022.05.10-12.19.02:167][  0]LogAudio: Display: Initializing Audio Device Manager...
[2022.05.10-12.19.02:170][  0]LogAudio: Display: Loading Default Audio Settings Objects...
[2022.05.10-12.19.02:170][  0]LogAudio: Display: No default SoundConcurrencyObject specified (or failed to load).
[2022.05.10-12.19.02:171][  0]LogAudio: Display: Audio Device Manager Initialized
[2022.05.10-12.19.02:171][  0]LogAudio: Display: Creating Audio Device:                 Id: 1, Scope: Shared, Realtime: True
[2022.05.10-12.19.02:171][  0]LogAudioMixer: Display: Audio Mixer Platform Settings:
[2022.05.10-12.19.02:171][  0]LogAudioMixer: Display: 	Sample Rate:						  48000
[2022.05.10-12.19.02:171][  0]LogAudioMixer: Display: 	Callback Buffer Frame Size Requested: 1024
[2022.05.10-12.19.02:171][  0]LogAudioMixer: Display: 	Callback Buffer Frame Size To Use:	  1024
[2022.05.10-12.19.02:171][  0]LogAudioMixer: Display: 	Number of buffers to queue:			  2
[2022.05.10-12.19.02:171][  0]LogAudioMixer: Display: 	Max Channels (voices):				  32
[2022.05.10-12.19.02:171][  0]LogAudioMixer: Display: 	Number of Async Source Workers:		  0
[2022.05.10-12.19.02:171][  0]LogAudio: Display: AudioDevice MaxSources: 32
[2022.05.10-12.19.02:171][  0]LogAudio: Display: Audio Spatialization Plugin: None (built-in).
[2022.05.10-12.19.02:171][  0]LogAudio: Display: Audio Reverb Plugin: None (built-in).
[2022.05.10-12.19.02:171][  0]LogAudio: Display: Audio Occlusion Plugin: None (built-in).
[2022.05.10-12.19.02:171][  0]LogAudioMixer: Display: Initializing audio mixer.
[2022.05.10-12.19.02:184][  0]LogAudioMixer: Display: 0: FrontLeft
[2022.05.10-12.19.02:184][  0]LogAudioMixer: Display: 1: FrontRight
[2022.05.10-12.19.02:204][  0]LogAudioMixer: Display: Using Audio Device Speakers (Realtek High Definition Audio)
[2022.05.10-12.19.02:208][  0]LogAudioMixer: Display: Initializing Sound Submixes...
[2022.05.10-12.19.02:210][  0]LogAudioMixer: Display: Creating Master Submix 'MasterSubmixDefault'
[2022.05.10-12.19.02:210][  0]LogAudioMixer: Display: Creating Master Submix 'MasterReverbSubmixDefault'
[2022.05.10-12.19.02:211][  0]LogAudioMixer: Display: Creating Master Submix 'MasterEQSubmixDefault'
[2022.05.10-12.19.02:211][  0]LogAudioMixer: FMixerPlatformXAudio2::StartAudioStream() called
[2022.05.10-12.19.02:211][  0]LogAudioMixer: Display: Output buffers initialized: Frames=1024, Channels=2, Samples=2048
[2022.05.10-12.19.02:211][  0]LogAudioMixer: Display: Starting AudioMixerPlatformInterface::RunInternal()
[2022.05.10-12.19.02:211][  0]LogAudioMixer: Display: FMixerPlatformXAudio2::SubmitBuffer() called for the first time
[2022.05.10-12.19.02:211][  0]LogInit: FAudioDevice initialized.
[2022.05.10-12.19.02:212][  0]LogNetVersion: Set ProjectVersion to 1.0.0.0. Version Checksum will be recalculated on next use.
[2022.05.10-12.19.02:216][  0]LogInit: Texture streaming: Enabled
[2022.05.10-12.19.02:265][  0]LogAudio: Display: Audio Device (ID: 1) registered with world 'Untitled'.
[2022.05.10-12.19.02:266][  0]LogSlate: Updating window title bar state: overlay mode, drag disabled, window buttons hidden, title bar hidden
[2022.05.10-12.19.02:266][  0]LogInit: Display: Game Engine Initialized.
[2022.05.10-12.19.02:266][  0]LogNiagaraEditor: GEditor isn't valid! Particle reset commands will not work for Niagara components!
[2022.05.10-12.19.02:354][  0]LogInit: Display: Starting Game.
[2022.05.10-12.19.02:354][  0]LogNet: Browse: /Game/Menus/Main_Menu_Level?Name=Player
[2022.05.10-12.19.02:354][  0]LogLoad: LoadMap: /Game/Menus/Main_Menu_Level?Name=Player
[2022.05.10-12.19.02:354][  0]LogWorld: BeginTearingDown for /Temp/Untitled_0
[2022.05.10-12.19.02:355][  0]LogWorld: UWorld::CleanupWorld for Untitled, bSessionEnded=true, bCleanupResources=true
[2022.05.10-12.19.02:355][  0]LogSlate: InvalidateAllWidgets triggered.  All widgets were invalidated
[2022.05.10-12.19.02:390][  0]LogAudio: Display: Audio Device unregistered from world 'None'.
[2022.05.10-12.19.02:392][  0]LogUObjectHash: Compacting FUObjectHashTables data took   0.61ms
[2022.05.10-12.19.02:546][  0]LogAudio: Display: Audio Device (ID: 1) registered with world 'Main_Menu_Level'.
[2022.05.10-12.19.02:553][  0]LogAIModule: Creating AISystem for world Main_Menu_Level
[2022.05.10-12.19.02:554][  0]LogLoad: Game class is 'Main_Menu_Gamemode_C'
[2022.05.10-12.19.02:554][  0]LogWorld: Bringing World /Game/Menus/Main_Menu_Level.Main_Menu_Level up for play (max tick rate 0) at 2022.05.10-13.19.02
[2022.05.10-12.19.02:554][  0]LogWorld: Bringing up level for play took: 0.000301
[2022.05.10-12.19.02:555][  0]LogGameMode: FindPlayerStart: PATHS NOT DEFINED or NO PLAYERSTART with positive rating
[2022.05.10-12.19.02:557][  0]LogLoad: Took 0.201615 seconds to LoadMap(/Game/Menus/Main_Menu_Level)
[2022.05.10-12.19.02:599][  0]LogSlate: Took 0.000188 seconds to synchronously load lazily loaded font '../../../Engine/Content/Slate/Fonts/Roboto-Regular.ttf' (155K)
[2022.05.10-12.19.02:627][  0]LogRenderer: Reallocating scene render targets to support 1920x1008 Format 10 NumSamples 1 (Frame:1).
[2022.05.10-12.19.02:627][  0]LogInit: Display: Engine is initialized. Leaving FEngineLoop::Init()
[2022.05.10-12.19.02:627][  0]LogLoad: (Engine Initialization) Total time: 4.25 seconds
[2022.05.10-12.19.02:627][  0]LogLoad: (Engine Initialization) Total Blueprint compile time: 0.00 seconds
[2022.05.10-12.19.02:629][  0]LogContentStreaming: Texture pool size now 1000 MB
[2022.05.10-12.19.02:633][  0]LogSlate: InvalidateAllWidgets triggered.  All widgets were invalidated
[2022.05.10-12.19.02:650][  1]LogSlate: Took 0.000157 seconds to synchronously load lazily loaded font '../../../Engine/Content/Slate/Fonts/Roboto-Regular.ttf' (155K)
[2022.05.10-12.19.03:493][506]LogViewport: Display: Viewport MouseLockMode Changed, LockOnCapture -> LockInFullscreen
[2022.05.10-12.19.03:494][506]LogViewport: Display: Viewport MouseCaptureMode Changed, CapturePermanently_IncludingInitialMouseDown -> CaptureDuringMouseDown
[2022.05.10-12.19.14:450][388]LogViewport: Display: Viewport MouseLockMode Changed, LockInFullscreen -> LockOnCapture
[2022.05.10-12.19.14:450][388]LogViewport: Display: Viewport MouseCaptureMode Changed, CaptureDuringMouseDown -> CapturePermanently
[2022.05.10-12.23.37:749][154]LogActor: Warning: ThirdPersonCharacter_C_0 is outside the world bounds!
